2023-08-06 08:49:52.224960 - Initialized conversion of CBT978
2023-08-06 08:49:53.355936 - Received CBT.V505.FILE978.PDS from FILE978.XMI 
2023-08-06 08:49:53.358423 - Found $$$#DATE.txt (text/plain) in CBT.V505.FILE978.PDS, moved to PDS/$$$#DATE
2023-08-06 08:49:53.359410 - Found $#README.txt (text/plain) in CBT.V505.FILE978.PDS, moved to PDS/$#README
2023-08-06 08:49:53.360357 - Found $DISCLAM.txt (text/plain) in CBT.V505.FILE978.PDS, moved to PDS/$DISCLAM
2023-08-06 08:49:53.361275 - Found $INSTALL.rexx (text/plain) in CBT.V505.FILE978.PDS, moved to PDS/$INSTALL
2023-08-06 08:49:53.362132 - Found ###SETUP.txt (text/plain) in CBT.V505.FILE978.PDS, moved to PDS/###SETUP
2023-08-06 08:49:53.363016 - Found #1TASKS.txt (text/plain) in CBT.V505.FILE978.PDS, moved to PDS/#1TASKS
2023-08-06 08:49:53.363861 - Found #2VARS.txt (text/plain) in CBT.V505.FILE978.PDS, moved to PDS/#2VARS
2023-08-06 08:49:53.364714 - Found #3EDIT.txt (text/plain) in CBT.V505.FILE978.PDS, moved to PDS/#3EDIT
2023-08-06 08:49:53.365711 - Found @FILE978.txt (text/plain) in CBT.V505.FILE978.PDS, moved to PDS/@FILE978
2023-08-06 08:49:53.366725 - Found GENIE.rexx (text/plain) in CBT.V505.FILE978.PDS, moved to PDS/GENIE
2023-08-06 08:49:53.367596 - Found GENIEBLD.rexx (text/plain) in CBT.V505.FILE978.PDS, moved to PDS/GENIEBLD
2023-08-06 08:49:53.368429 - Found GENIEMC1.rexx (text/plain) in CBT.V505.FILE978.PDS, moved to PDS/GENIEMC1
2023-08-06 08:49:53.369309 - Found GENIERTA.rexx (text/plain) in CBT.V505.FILE978.PDS, moved to PDS/GENIERTA
2023-08-06 08:49:53.370271 - Found MSICCOPY.rexx (text/plain) in CBT.V505.FILE978.PDS, moved to PDS/MSICCOPY
2023-08-06 08:49:53.371317 - Found MSICDEFN.rexx (text/plain) in CBT.V505.FILE978.PDS, moved to PDS/MSICDEFN
2023-08-06 08:49:53.372304 - Found MSICPCFM.txt (text/plain) in CBT.V505.FILE978.PDS, moved to PDS/MSICPCFM
2023-08-06 08:49:53.373298 - Found MSICPHLP.txt (text/plain) in CBT.V505.FILE978.PDS, moved to PDS/MSICPHLP
2023-08-06 08:49:53.374409 - Found MSICPTSK.txt (text/plain) in CBT.V505.FILE978.PDS, moved to PDS/MSICPTSK
2023-08-06 08:49:53.375408 - Found MSICPVAR.txt (text/plain) in CBT.V505.FILE978.PDS, moved to PDS/MSICPVAR
2023-08-06 08:49:53.376291 - Found MSICREDT.rexx (text/plain) in CBT.V505.FILE978.PDS, moved to PDS/MSICREDT
2023-08-06 08:49:53.377198 - Found MSICRMBR.rexx (text/plain) in CBT.V505.FILE978.PDS, moved to PDS/MSICRMBR
2023-08-06 08:49:53.378113 - Found RECVASMC.rexx (text/plain) in CBT.V505.FILE978.PDS, moved to PDS/RECVASMC
2023-08-06 08:49:53.379144 - Found RECVCRDG.rexx (text/plain) in CBT.V505.FILE978.PDS, moved to PDS/RECVCRDG
2023-08-06 08:49:53.380040 - Found RECVDASM.rexx (text/plain) in CBT.V505.FILE978.PDS, moved to PDS/RECVDASM
2023-08-06 08:49:53.380945 - Found RECVDFPU.rexx (text/plain) in CBT.V505.FILE978.PDS, moved to PDS/RECVDFPU
2023-08-06 08:49:53.381986 - Found RECVISPG.rexx (text/plain) in CBT.V505.FILE978.PDS, moved to PDS/RECVISPG
2023-08-06 08:49:53.382868 - Found RECVISRE.rexx (text/plain) in CBT.V505.FILE978.PDS, moved to PDS/RECVISRE
2023-08-06 08:49:53.383689 - Found RECVJCLR.rexx (text/plain) in CBT.V505.FILE978.PDS, moved to PDS/RECVJCLR
2023-08-06 08:49:53.384520 - Found RECVJOBC.rexx (text/plain) in CBT.V505.FILE978.PDS, moved to PDS/RECVJOBC
2023-08-06 08:49:53.385516 - Found RECVKTPM.rexx (text/plain) in CBT.V505.FILE978.PDS, moved to PDS/RECVKTPM
2023-08-06 08:49:53.386495 - Found RECVMITR.rexx (text/plain) in CBT.V505.FILE978.PDS, moved to PDS/RECVMITR
2023-08-06 08:49:53.387507 - Found RECVPMAU.rexx (text/plain) in CBT.V505.FILE978.PDS, moved to PDS/RECVPMAU
2023-08-06 08:49:53.388401 - Found RECVPSFC.rexx (text/plain) in CBT.V505.FILE978.PDS, moved to PDS/RECVPSFC
2023-08-06 08:49:53.389259 - Found RECVREXR.rexx (text/plain) in CBT.V505.FILE978.PDS, moved to PDS/RECVREXR
2023-08-06 08:49:53.390226 - Found RECVRXCP.rexx (text/plain) in CBT.V505.FILE978.PDS, moved to PDS/RECVRXCP
2023-08-06 08:49:53.391192 - Found RECVRXCU.rexx (text/plain) in CBT.V505.FILE978.PDS, moved to PDS/RECVRXCU
2023-08-06 08:49:53.392091 - Found RECVTSAD.rexx (text/plain) in CBT.V505.FILE978.PDS, moved to PDS/RECVTSAD
2023-08-06 08:49:53.549568 - Found XM$$$$.xmi (application/xmit) in CBT.V505.FILE978.PDS
2023-08-06 08:49:53.570451   - Received to CBT978/GENIE.WISHLIST
2023-08-06 08:49:55.109733 - Found XMAMSC.xmi (application/xmit) in CBT.V505.FILE978.PDS
2023-08-06 08:49:55.139070   - Received to CBT978/GENIE.WISHLIST
2023-08-06 08:49:55.992438 - Found XMCRDG.xmi (application/xmit) in CBT.V505.FILE978.PDS
2023-08-06 08:49:56.021396   - Received to CBT978/GENIE.WISHLIST
2023-08-06 08:49:56.124628 - Found XMDASM.xmi (application/xmit) in CBT.V505.FILE978.PDS
2023-08-06 08:49:56.148163   - Received to CBT978/GENIE.WISHLIST
2023-08-06 08:49:57.192594 - Found XMDFPU.xmi (application/xmit) in CBT.V505.FILE978.PDS
2023-08-06 08:49:57.223522   - Received to CBT978/GENIE.WISHLIST
2023-08-06 08:49:57.527805 - Found XMISPG.xmi (application/xmit) in CBT.V505.FILE978.PDS
2023-08-06 08:49:57.553662   - Received to CBT978/GENIE.WISHLIST
2023-08-06 08:49:57.576150 - Found XMISRE.xmi (application/xmit) in CBT.V505.FILE978.PDS
2023-08-06 08:49:57.600354   - Received to CBT978/GENIE.WISHLIST
2023-08-06 08:49:59.621925 - Found XMJCLR.xmi (application/xmit) in CBT.V505.FILE978.PDS
2023-08-06 08:49:59.658754   - Received to CBT978/GENIE.WISHLIST
2023-08-06 08:49:59.689213 - Found XMJOBC.xmi (application/xmit) in CBT.V505.FILE978.PDS
2023-08-06 08:49:59.713278   - Received to CBT978/GENIE.WISHLIST
2023-08-06 08:49:59.985437 - Found XMKTPM.xmi (application/xmit) in CBT.V505.FILE978.PDS
2023-08-06 08:50:00.012112   - Received to CBT978/GENIE.WISHLIST
2023-08-06 08:50:00.036170 - Found XMMITR.xmi (application/xmit) in CBT.V505.FILE978.PDS
2023-08-06 08:50:00.059793   - Received to CBT978/GENIE.WISHLIST
2023-08-06 08:50:00.166004 - Found XMPMAU.xmi (application/xmit) in CBT.V505.FILE978.PDS
2023-08-06 08:50:00.190817   - Received to CBT978/GENIE.WISHLIST
2023-08-06 08:50:00.233855 - Found XMPSFC.xmi (application/xmit) in CBT.V505.FILE978.PDS
2023-08-06 08:50:00.258602   - Received to CBT978/GENIE.WISHLIST
2023-08-06 08:50:01.606348 - Found XMREXR.xmi (application/xmit) in CBT.V505.FILE978.PDS
2023-08-06 08:50:01.641925   - Received to CBT978/GENIE.WISHLIST
2023-08-06 08:50:01.723450 - Found XMRXCP.xmi (application/xmit) in CBT.V505.FILE978.PDS
2023-08-06 08:50:01.750503   - Received to CBT978/GENIE.WISHLIST
2023-08-06 08:50:01.777425 - Found XMRXCU.xmi (application/xmit) in CBT.V505.FILE978.PDS
2023-08-06 08:50:01.802532   - Received to CBT978/GENIE.WISHLIST
2023-08-06 08:50:02.696850 - Found XMTSAD.xmi (application/xmit) in CBT.V505.FILE978.PDS
2023-08-06 08:50:02.728244   - Received to CBT978/GENIE.WISHLIST
